{"/home/webreflection/code/dom-splicer/cjs/index.js":{"path":"/home/webreflection/code/dom-splicer/cjs/index.js","s":{"1":1,"2":1,"3":1,"4":2,"5":2,"6":10,"7":2,"8":1,"9":20,"10":1,"11":4,"12":4,"13":1,"14":2,"15":2,"16":2,"17":2,"18":2,"19":2,"20":2,"21":2,"22":1,"23":8,"24":8,"25":1,"26":7,"27":7,"28":7,"29":7,"30":7,"31":7,"32":7,"33":7,"34":7,"35":7,"36":7,"37":5,"38":5,"39":5,"40":7,"41":4,"42":7,"43":4,"44":7,"45":1},"b":{"1":[2,1],"2":[2,2],"3":[2,2],"4":[1,7],"5":[1,6],"6":[2,5],"7":[4,3],"8":[5,2],"9":[4,3],"10":[4,3],"11":[2,2]},"f":{"1":2,"2":8},"fnMap":{"1":{"name":"DOMSplicer","line":22,"loc":{"start":{"line":22,"column":0},"end":{"line":22,"column":29}}},"2":{"name":"splice","line":33,"loc":{"start":{"line":33,"column":30},"end":{"line":33,"column":66}}}},"statementMap":{"1":{"start":{"line":4,"column":0},"end":{"line":4,"column":26}},"2":{"start":{"line":5,"column":0},"end":{"line":5,"column":30}},"3":{"start":{"line":7,"column":0},"end":{"line":11,"column":2}},"4":{"start":{"line":8,"column":2},"end":{"line":8,"column":58}},"5":{"start":{"line":9,"column":2},"end":{"line":9,"column":52}},"6":{"start":{"line":9,"column":21},"end":{"line":9,"column":52}},"7":{"start":{"line":10,"column":2},"end":{"line":10,"column":11}},"8":{"start":{"line":13,"column":0},"end":{"line":13,"column":32}},"9":{"start":{"line":13,"column":26},"end":{"line":13,"column":31}},"10":{"start":{"line":15,"column":0},"end":{"line":19,"column":2}},"11":{"start":{"line":16,"column":2},"end":{"line":18,"column":3}},"12":{"start":{"line":17,"column":4},"end":{"line":17,"column":43}},"13":{"start":{"line":22,"column":0},"end":{"line":31,"column":1}},"14":{"start":{"line":23,"column":2},"end":{"line":23,"column":29}},"15":{"start":{"line":24,"column":2},"end":{"line":24,"column":61}},"16":{"start":{"line":25,"column":2},"end":{"line":25,"column":23}},"17":{"start":{"line":26,"column":2},"end":{"line":26,"column":31}},"18":{"start":{"line":27,"column":2},"end":{"line":27,"column":39}},"19":{"start":{"line":28,"column":2},"end":{"line":28,"column":54}},"20":{"start":{"line":29,"column":2},"end":{"line":29,"column":39}},"21":{"start":{"line":30,"column":2},"end":{"line":30,"column":60}},"22":{"start":{"line":33,"column":0},"end":{"line":68,"column":2}},"23":{"start":{"line":34,"column":2},"end":{"line":34,"column":35}},"24":{"start":{"line":35,"column":2},"end":{"line":35,"column":26}},"25":{"start":{"line":35,"column":19},"end":{"line":35,"column":26}},"26":{"start":{"line":36,"column":2},"end":{"line":36,"column":25}},"27":{"start":{"line":37,"column":2},"end":{"line":37,"column":29}},"28":{"start":{"line":38,"column":2},"end":{"line":38,"column":37}},"29":{"start":{"line":39,"column":2},"end":{"line":39,"column":39}},"30":{"start":{"line":40,"column":2},"end":{"line":40,"column":32}},"31":{"start":{"line":41,"column":2},"end":{"line":43,"column":20}},"32":{"start":{"line":44,"column":2},"end":{"line":46,"column":42}},"33":{"start":{"line":47,"column":2},"end":{"line":50,"column":4}},"34":{"start":{"line":51,"column":2},"end":{"line":51,"column":24}},"35":{"start":{"line":52,"column":2},"end":{"line":52,"column":16}},"36":{"start":{"line":53,"column":2},"end":{"line":57,"column":3}},"37":{"start":{"line":54,"column":4},"end":{"line":54,"column":14}},"38":{"start":{"line":55,"column":4},"end":{"line":55,"column":24}},"39":{"start":{"line":56,"column":4},"end":{"line":56,"column":45}},"40":{"start":{"line":58,"column":2},"end":{"line":58,"column":78}},"41":{"start":{"line":58,"column":13},"end":{"line":58,"column":78}},"42":{"start":{"line":59,"column":2},"end":{"line":66,"column":3}},"43":{"start":{"line":60,"column":4},"end":{"line":65,"column":6}},"44":{"start":{"line":67,"column":2},"end":{"line":67,"column":34}},"45":{"start":{"line":70,"column":0},"end":{"line":70,"column":81}}},"branchMap":{"1":{"line":24,"type":"binary-expr","locations":[{"start":{"line":24,"column":21},"end":{"line":24,"column":39}},{"start":{"line":24,"column":43},"end":{"line":24,"column":60}}]},"2":{"line":27,"type":"binary-expr","locations":[{"start":{"line":27,"column":14},"end":{"line":27,"column":26}},{"start":{"line":27,"column":30},"end":{"line":27,"column":38}}]},"3":{"line":29,"type":"binary-expr","locations":[{"start":{"line":29,"column":16},"end":{"line":29,"column":30}},{"start":{"line":29,"column":34},"end":{"line":29,"column":38}}]},"4":{"line":35,"type":"if","locations":[{"start":{"line":35,"column":2},"end":{"line":35,"column":2}},{"start":{"line":35,"column":2},"end":{"line":35,"column":2}}]},"5":{"line":41,"type":"cond-expr","locations":[{"start":{"line":42,"column":4},"end":{"line":42,"column":25}},{"start":{"line":43,"column":4},"end":{"line":43,"column":19}}]},"6":{"line":44,"type":"cond-expr","locations":[{"start":{"line":45,"column":5},"end":{"line":45,"column":16}},{"start":{"line":46,"column":4},"end":{"line":46,"column":41}}]},"7":{"line":49,"type":"cond-expr","locations":[{"start":{"line":49,"column":18},"end":{"line":49,"column":41}},{"start":{"line":49,"column":44},"end":{"line":49,"column":55}}]},"8":{"line":53,"type":"if","locations":[{"start":{"line":53,"column":2},"end":{"line":53,"column":2}},{"start":{"line":53,"column":2},"end":{"line":53,"column":2}}]},"9":{"line":58,"type":"if","locations":[{"start":{"line":58,"column":2},"end":{"line":58,"column":2}},{"start":{"line":58,"column":2},"end":{"line":58,"column":2}}]},"10":{"line":59,"type":"if","locations":[{"start":{"line":59,"column":2},"end":{"line":59,"column":2}},{"start":{"line":59,"column":2},"end":{"line":59,"column":2}}]},"11":{"line":61,"type":"cond-expr","locations":[{"start":{"line":62,"column":8},"end":{"line":62,"column":53}},{"start":{"line":63,"column":8},"end":{"line":63,"column":26}}]}}}}