{"/home/webreflection/code/dom-splicer/cjs/index.js":{"path":"/home/webreflection/code/dom-splicer/cjs/index.js","s":{"1":1,"2":1,"3":1,"4":1,"5":3,"6":3,"7":15,"8":3,"9":1,"10":29,"11":1,"12":4,"13":4,"14":1,"15":4,"16":4,"17":4,"18":4,"19":4,"20":4,"21":4,"22":4,"23":4,"24":1,"25":10,"26":10,"27":1,"28":9,"29":9,"30":9,"31":9,"32":9,"33":9,"34":9,"35":9,"36":9,"37":9,"38":9,"39":9,"40":8,"41":8,"42":8,"43":9,"44":4,"45":9,"46":5,"47":9,"48":1},"b":{"1":[4,4],"2":[4,2],"3":[1,1],"4":[3,1],"5":[1,3],"6":[4,1],"7":[1,9],"8":[9,1],"9":[1,8],"10":[2,7],"11":[4,5],"12":[8,1],"13":[4,5],"14":[5,4],"15":[3,2]},"f":{"1":4,"2":10},"fnMap":{"1":{"name":"DOMSplicer","line":23,"loc":{"start":{"line":23,"column":0},"end":{"line":23,"column":29}}},"2":{"name":"splice","line":37,"loc":{"start":{"line":37,"column":30},"end":{"line":37,"column":66}}}},"statementMap":{"1":{"start":{"line":4,"column":0},"end":{"line":4,"column":26}},"2":{"start":{"line":5,"column":0},"end":{"line":5,"column":26}},"3":{"start":{"line":6,"column":0},"end":{"line":6,"column":30}},"4":{"start":{"line":8,"column":0},"end":{"line":12,"column":2}},"5":{"start":{"line":9,"column":2},"end":{"line":9,"column":58}},"6":{"start":{"line":10,"column":2},"end":{"line":10,"column":52}},"7":{"start":{"line":10,"column":21},"end":{"line":10,"column":52}},"8":{"start":{"line":11,"column":2},"end":{"line":11,"column":11}},"9":{"start":{"line":14,"column":0},"end":{"line":14,"column":32}},"10":{"start":{"line":14,"column":26},"end":{"line":14,"column":31}},"11":{"start":{"line":16,"column":0},"end":{"line":20,"column":2}},"12":{"start":{"line":17,"column":2},"end":{"line":19,"column":3}},"13":{"start":{"line":18,"column":4},"end":{"line":18,"column":43}},"14":{"start":{"line":23,"column":0},"end":{"line":35,"column":1}},"15":{"start":{"line":24,"column":2},"end":{"line":24,"column":37}},"16":{"start":{"line":25,"column":2},"end":{"line":25,"column":40}},"17":{"start":{"line":26,"column":2},"end":{"line":26,"column":77}},"18":{"start":{"line":27,"column":2},"end":{"line":27,"column":19}},"19":{"start":{"line":28,"column":2},"end":{"line":28,"column":45}},"20":{"start":{"line":29,"column":2},"end":{"line":29,"column":45}},"21":{"start":{"line":30,"column":2},"end":{"line":30,"column":31}},"22":{"start":{"line":31,"column":2},"end":{"line":31,"column":41}},"23":{"start":{"line":32,"column":2},"end":{"line":34,"column":36}},"24":{"start":{"line":37,"column":0},"end":{"line":73,"column":2}},"25":{"start":{"line":38,"column":2},"end":{"line":38,"column":35}},"26":{"start":{"line":39,"column":2},"end":{"line":39,"column":26}},"27":{"start":{"line":39,"column":19},"end":{"line":39,"column":26}},"28":{"start":{"line":40,"column":2},"end":{"line":40,"column":25}},"29":{"start":{"line":41,"column":2},"end":{"line":41,"column":29}},"30":{"start":{"line":42,"column":2},"end":{"line":42,"column":50}},"31":{"start":{"line":43,"column":2},"end":{"line":43,"column":37}},"32":{"start":{"line":44,"column":2},"end":{"line":44,"column":39}},"33":{"start":{"line":45,"column":2},"end":{"line":45,"column":32}},"34":{"start":{"line":46,"column":2},"end":{"line":48,"column":20}},"35":{"start":{"line":49,"column":2},"end":{"line":51,"column":42}},"36":{"start":{"line":52,"column":2},"end":{"line":55,"column":4}},"37":{"start":{"line":56,"column":2},"end":{"line":56,"column":24}},"38":{"start":{"line":57,"column":2},"end":{"line":57,"column":16}},"39":{"start":{"line":58,"column":2},"end":{"line":62,"column":3}},"40":{"start":{"line":59,"column":4},"end":{"line":59,"column":14}},"41":{"start":{"line":60,"column":4},"end":{"line":60,"column":24}},"42":{"start":{"line":61,"column":4},"end":{"line":61,"column":45}},"43":{"start":{"line":63,"column":2},"end":{"line":63,"column":78}},"44":{"start":{"line":63,"column":13},"end":{"line":63,"column":78}},"45":{"start":{"line":64,"column":2},"end":{"line":71,"column":3}},"46":{"start":{"line":65,"column":4},"end":{"line":70,"column":6}},"47":{"start":{"line":72,"column":2},"end":{"line":72,"column":34}},"48":{"start":{"line":75,"column":0},"end":{"line":75,"column":81}}},"branchMap":{"1":{"line":25,"type":"binary-expr","locations":[{"start":{"line":25,"column":15},"end":{"line":25,"column":27}},{"start":{"line":25,"column":31},"end":{"line":25,"column":39}}]},"2":{"line":26,"type":"binary-expr","locations":[{"start":{"line":26,"column":21},"end":{"line":26,"column":39}},{"start":{"line":26,"column":44},"end":{"line":26,"column":75}}]},"3":{"line":26,"type":"cond-expr","locations":[{"start":{"line":26,"column":53},"end":{"line":26,"column":55}},{"start":{"line":26,"column":58},"end":{"line":26,"column":75}}]},"4":{"line":28,"type":"cond-expr","locations":[{"start":{"line":28,"column":25},"end":{"line":28,"column":37}},{"start":{"line":28,"column":40},"end":{"line":28,"column":44}}]},"5":{"line":29,"type":"cond-expr","locations":[{"start":{"line":29,"column":25},"end":{"line":29,"column":37}},{"start":{"line":29,"column":40},"end":{"line":29,"column":44}}]},"6":{"line":33,"type":"binary-expr","locations":[{"start":{"line":33,"column":4},"end":{"line":33,"column":15}},{"start":{"line":33,"column":19},"end":{"line":33,"column":30}}]},"7":{"line":39,"type":"if","locations":[{"start":{"line":39,"column":2},"end":{"line":39,"column":2}},{"start":{"line":39,"column":2},"end":{"line":39,"column":2}}]},"8":{"line":42,"type":"binary-expr","locations":[{"start":{"line":42,"column":17},"end":{"line":42,"column":28}},{"start":{"line":42,"column":32},"end":{"line":42,"column":49}}]},"9":{"line":46,"type":"cond-expr","locations":[{"start":{"line":47,"column":4},"end":{"line":47,"column":25}},{"start":{"line":48,"column":4},"end":{"line":48,"column":19}}]},"10":{"line":49,"type":"cond-expr","locations":[{"start":{"line":50,"column":5},"end":{"line":50,"column":16}},{"start":{"line":51,"column":4},"end":{"line":51,"column":41}}]},"11":{"line":54,"type":"cond-expr","locations":[{"start":{"line":54,"column":18},"end":{"line":54,"column":41}},{"start":{"line":54,"column":44},"end":{"line":54,"column":50}}]},"12":{"line":58,"type":"if","locations":[{"start":{"line":58,"column":2},"end":{"line":58,"column":2}},{"start":{"line":58,"column":2},"end":{"line":58,"column":2}}]},"13":{"line":63,"type":"if","locations":[{"start":{"line":63,"column":2},"end":{"line":63,"column":2}},{"start":{"line":63,"column":2},"end":{"line":63,"column":2}}]},"14":{"line":64,"type":"if","locations":[{"start":{"line":64,"column":2},"end":{"line":64,"column":2}},{"start":{"line":64,"column":2},"end":{"line":64,"column":2}}]},"15":{"line":66,"type":"cond-expr","locations":[{"start":{"line":67,"column":8},"end":{"line":67,"column":53}},{"start":{"line":68,"column":8},"end":{"line":68,"column":26}}]}}}}