TN:
SF:/home/webreflection/code/dom-splicer/cjs/index.js
FN:22,DOMSplicer
FN:33,splice
FNF:2
FNH:2
FNDA:2,DOMSplicer
FNDA:8,splice
DA:4,1
DA:5,1
DA:7,1
DA:8,2
DA:9,10
DA:10,2
DA:13,20
DA:15,1
DA:16,4
DA:17,4
DA:22,1
DA:23,2
DA:24,2
DA:25,2
DA:26,2
DA:27,2
DA:28,2
DA:29,2
DA:30,2
DA:33,1
DA:34,8
DA:35,8
DA:36,7
DA:37,7
DA:38,7
DA:39,7
DA:40,7
DA:41,7
DA:44,7
DA:47,7
DA:51,7
DA:52,7
DA:53,7
DA:54,5
DA:55,5
DA:56,5
DA:58,7
DA:59,7
DA:60,4
DA:67,7
DA:70,1
LF:41
LH:41
BRDA:24,1,0,2
BRDA:24,1,1,1
BRDA:27,2,0,2
BRDA:27,2,1,2
BRDA:29,3,0,2
BRDA:29,3,1,2
BRDA:35,4,0,1
BRDA:35,4,1,7
BRDA:41,5,0,1
BRDA:41,5,1,6
BRDA:44,6,0,2
BRDA:44,6,1,5
BRDA:49,7,0,4
BRDA:49,7,1,3
BRDA:53,8,0,5
BRDA:53,8,1,2
BRDA:58,9,0,4
BRDA:58,9,1,3
BRDA:59,10,0,4
BRDA:59,10,1,3
BRDA:61,11,0,2
BRDA:61,11,1,2
BRF:22
BRH:22
end_of_record
