TN:
SF:/home/webreflection/code/dom-splicer/cjs/index.js
FN:23,DOMSplicer
FN:37,splice
FNF:2
FNH:2
FNDA:4,DOMSplicer
FNDA:10,splice
DA:4,1
DA:5,1
DA:6,1
DA:8,1
DA:9,3
DA:10,15
DA:11,3
DA:14,29
DA:16,1
DA:17,4
DA:18,4
DA:23,1
DA:24,4
DA:25,4
DA:26,4
DA:27,4
DA:28,4
DA:29,4
DA:30,4
DA:31,4
DA:32,4
DA:37,1
DA:38,10
DA:39,10
DA:40,9
DA:41,9
DA:42,9
DA:43,9
DA:44,9
DA:45,9
DA:46,9
DA:49,9
DA:52,9
DA:56,9
DA:57,9
DA:58,9
DA:59,8
DA:60,8
DA:61,8
DA:63,9
DA:64,9
DA:65,5
DA:72,9
DA:75,1
LF:44
LH:44
BRDA:25,1,0,4
BRDA:25,1,1,4
BRDA:26,2,0,4
BRDA:26,2,1,2
BRDA:26,3,0,1
BRDA:26,3,1,1
BRDA:28,4,0,3
BRDA:28,4,1,1
BRDA:29,5,0,1
BRDA:29,5,1,3
BRDA:33,6,0,4
BRDA:33,6,1,1
BRDA:39,7,0,1
BRDA:39,7,1,9
BRDA:42,8,0,9
BRDA:42,8,1,1
BRDA:46,9,0,1
BRDA:46,9,1,8
BRDA:49,10,0,2
BRDA:49,10,1,7
BRDA:54,11,0,4
BRDA:54,11,1,5
BRDA:58,12,0,8
BRDA:58,12,1,1
BRDA:63,13,0,4
BRDA:63,13,1,5
BRDA:64,14,0,5
BRDA:64,14,1,4
BRDA:66,15,0,3
BRDA:66,15,1,2
BRF:30
BRH:30
end_of_record
